<?xml version="1.0" encoding="UTF-8"?>
<!-- Generated by org.testng.reporters.JUnitXMLReporter -->
<testsuite ignored="10" hostname="Maheshs-MacBook-Pro.local" failures="0" tests="10" name="LoginSanity" time="32.709" errors="0" timestamp="27 Apr 2018 11:48:56 GMT">
  <testcase classname="Tests.logInTestCase.EmailRadioButton" name="loginUIEmailRadioButton" time="0.178"/>
  <testcase classname="Tests.logInTestCase.LoginUsingEmail" name="loginUsingEmail" time="18.006"/>
  <testcase classname="Tests.logInTestCase.ForgotPasswordLinkText" name="loginUIForgotPasswordLinkText" time="14.124"/>
  <testcase classname="Tests.logInTestCase.MobileRadioButton" name="loginUIMobileRadio" time="0.042"/>
  <testcase classname="Tests.logInTestCase.PasswordLabel" name="loginUIPasswordLabelText" time="0.05"/>
  <testcase classname="Tests.logInTestCase.ProceedButtonText" name="loginUIProceedButtonText" time="0.051"/>
  <testcase classname="Tests.logInTestCase.SignUpButtonText" name="loginUISignUpButtonText" time="0.044"/>
  <testcase classname="Tests.logInTestCase.UsernameLabelText" name="loginUIUsernameLabelText" time="0.045"/>
  <testcase classname="Tests.logInTestCase.UsernameRadioButton" name="loginUIUsernameRadioButton" time="0.041"/>
  <testcase classname="Tests.logInTestCase.VerifyLetsGetStartedText" name="loginUILetsGetStarted" time="0.039"/>
  <testcase classname="Tests.logInTestCase.LaunchAppForLogin" name="@BeforeSuite launchAppforLogin" time="0.0">
    <ignored/>
  </testcase> <!-- @BeforeSuite launchAppforLogin -->
  <testcase classname="Tests.logInTestCase.LaunchAppForLogin" name="@BeforeSuite launchAppforLogin" time="0.0">
    <ignored/>
  </testcase> <!-- @BeforeSuite launchAppforLogin -->
  <testcase classname="Tests.logInTestCase.LaunchAppForLogin" name="@BeforeSuite launchAppforLogin" time="0.0">
    <ignored/>
  </testcase> <!-- @BeforeSuite launchAppforLogin -->
  <testcase classname="Tests.logInTestCase.LaunchAppForLogin" name="@BeforeSuite launchAppforLogin" time="0.0">
    <ignored/>
  </testcase> <!-- @BeforeSuite launchAppforLogin -->
  <testcase classname="Tests.logInTestCase.LaunchAppForLogin" name="@BeforeSuite launchAppforLogin" time="0.0">
    <ignored/>
  </testcase> <!-- @BeforeSuite launchAppforLogin -->
  <testcase classname="Tests.logInTestCase.LaunchAppForLogin" name="@BeforeSuite launchAppforLogin" time="0.0">
    <ignored/>
  </testcase> <!-- @BeforeSuite launchAppforLogin -->
  <testcase classname="Tests.logInTestCase.LaunchAppForLogin" name="@BeforeSuite launchAppforLogin" time="0.0">
    <ignored/>
  </testcase> <!-- @BeforeSuite launchAppforLogin -->
  <testcase classname="Tests.logInTestCase.LaunchAppForLogin" name="@BeforeSuite launchAppforLogin" time="0.0">
    <ignored/>
  </testcase> <!-- @BeforeSuite launchAppforLogin -->
  <testcase classname="Tests.logInTestCase.LaunchAppForLogin" name="@BeforeSuite launchAppforLogin" time="0.0">
    <ignored/>
  </testcase> <!-- @BeforeSuite launchAppforLogin -->
  <testcase classname="Tests.logInTestCase.LaunchAppForLogin" name="@BeforeSuite launchAppforLogin" time="0.0">
    <ignored/>
  </testcase> <!-- @BeforeSuite launchAppforLogin -->
</testsuite> <!-- LoginSanity -->
